<?xml version="1.0" encoding="UTF-8"?>
<testng-results skipped="0" failed="0" total="1" passed="1">
  <reporter-output>
  </reporter-output>
  <suite name="Default suite" duration-ms="619" started-at="2014-12-09T20:59:12Z" finished-at="2014-12-09T20:59:12Z">
    <groups>
    </groups>
    <test name="Default test" duration-ms="619" started-at="2014-12-09T20:59:12Z" finished-at="2014-12-09T20:59:12Z">
      <class name="uber.foodtruck.searchengine.TestIntegrationFoodTruckSearchEngineImpl">
        <test-method status="PASS" signature="init()[pri:0, instance:uber.foodtruck.searchengine.TestIntegrationFoodTruckSearchEngineImpl@5cf99513]" name="init" is-config="true" duration-ms="550" started-at="2014-12-09T12:59:12Z" finished-at="2014-12-09T12:59:12Z">
          <reporter-output>
          </reporter-output>
        </test-method> <!-- init -->
        <test-method status="PASS" signature="testFindFoodTrucksByLL()[pri:0, instance:uber.foodtruck.searchengine.TestIntegrationFoodTruckSearchEngineImpl@5cf99513]" name="testFindFoodTrucksByLL" duration-ms="48" started-at="2014-12-09T12:59:12Z" finished-at="2014-12-09T12:59:12Z">
          <reporter-output>
          </reporter-output>
        </test-method> <!-- testFindFoodTrucksByLL -->
      </class> <!-- uber.foodtruck.searchengine.TestIntegrationFoodTruckSearchEngineImpl -->
    </test> <!-- Default test -->
  </suite> <!-- Default suite -->
</testng-results>
