<?xml version="1.0" encoding="UTF-8"?>
<testng-results skipped="0" failed="0" total="1" passed="1">
  <reporter-output>
  </reporter-output>
  <suite name="Default suite" duration-ms="457" started-at="2014-12-09T20:53:50Z" finished-at="2014-12-09T20:53:50Z">
    <groups>
    </groups>
    <test name="Default test" duration-ms="457" started-at="2014-12-09T20:53:50Z" finished-at="2014-12-09T20:53:50Z">
      <class name="uber.foodtruck.definitions.TestFoodTruckFeatureList">
        <test-method status="PASS" signature="testFoodTruckFeatureList()[pri:0, instance:uber.foodtruck.definitions.TestFoodTruckFeatureList@6633a290]" name="testFoodTruckFeatureList" duration-ms="436" started-at="2014-12-09T12:53:50Z" finished-at="2014-12-09T12:53:50Z">
          <reporter-output>
          </reporter-output>
        </test-method> <!-- testFoodTruckFeatureList -->
      </class> <!-- uber.foodtruck.definitions.TestFoodTruckFeatureList -->
    </test> <!-- Default test -->
  </suite> <!-- Default suite -->
</testng-results>
